Flutter crash report.
Please report a bug at https://github.com/flutter/flutter/issues.

## command

flutter --quiet assemble --depfile C:\Projects\RedesignIR\build\app\intermediates\flutter\debug/flutter_build.d --output C:\Projects\RedesignIR\build\app\intermediates\flutter\debug -dTargetFile=C:\Projects\RedesignIR\lib\main.dart -dTargetPlatform=android -dBuildMode=debug -dTrackWidgetCreation=true debug_android_application

## exception

FileSystemException: FileSystemException: Cannot delete file, path = 'C:\Projects\RedesignIR\build\app\intermediates\flutter\debug\flutter_assets\isolate_snapshot_data' (OS Error: The process cannot access the file because it is being used by another process.
, errno = 32)

```
#0      _File.throwIfError (dart:io/file_impl.dart:635:7)
#1      _File._deleteSync (dart:io/file_impl.dart:298:5)
#2      FileSystemEntity.deleteSync (dart:io/file_system_entity.dart:458:47)
#3      ForwardingFileSystemEntity.deleteSync (package:file/src/forwarding/forwarding_file_system_entity.dart:72:16)
#4      ForwardingFileSystemEntity.deleteSync (package:file/src/forwarding/forwarding_file_system_entity.dart:72:16)
#5      FlutterBuildSystem.trackSharedBuildDirectory (package:flutter_tools/src/build_system/build_system.dart:696:26)
#6      FlutterBuildSystem.build (package:flutter_tools/src/build_system/build_system.dart:584:5)
<asynchronous suspension>
#7      AssembleCommand.runCommand (package:flutter_tools/src/commands/assemble.dart:218:58)
#8      FlutterCommand.verifyThenRunCommand (package:flutter_tools/src/runner/flutter_command.dart:797:18)
<asynchronous suspension>
#9      FlutterCommand.run.<anonymous closure> (package:flutter_tools/src/runner/flutter_command.dart:694:33)
<asynchronous suspension>
#10     FlutterCommand.run.<anonymous closure> (package:flutter_tools/src/runner/flutter_command.dart)
#11     AppContext.run.<anonymous closure> (package:flutter_tools/src/base/context.dart:150:29)
#12     _rootRun (dart:async/zone.dart:1190:13)
#13     _CustomZone.run (dart:async/zone.dart:1093:19)
#14     _runZoned (dart:async/zone.dart:1630:10)
#15     runZoned (dart:async/zone.dart:1550:10)
#16     AppContext.run (package:flutter_tools/src/base/context.dart:149:18)
#17     FlutterCommand.run (package:flutter_tools/src/runner/flutter_command.dart:684:20)
#18     CommandRunner.runCommand (package:args/command_runner.dart:197:27)
#19     FlutterCommandRunner.runCommand.<anonymous closure> (package:flutter_tools/src/runner/flutter_command_runner.dart:339:21)
<asynchronous suspension>
#20     FlutterCommandRunner.runCommand.<anonymous closure> (package:flutter_tools/src/runner/flutter_command_runner.dart)
#21     AppContext.run.<anonymous closure> (package:flutter_tools/src/base/context.dart:150:29)
#22     _rootRun (dart:async/zone.dart:1190:13)
#23     _CustomZone.run (dart:async/zone.dart:1093:19)
#24     _runZoned (dart:async/zone.dart:1630:10)
#25     runZoned (dart:async/zone.dart:1550:10)
#26     AppContext.run (package:flutter_tools/src/base/context.dart:149:18)
#27     FlutterCommandRunner.runCommand (package:flutter_tools/src/runner/flutter_command_runner.dart:289:19)
<asynchronous suspension>
#28     CommandRunner.run.<anonymous closure> (package:args/command_runner.dart:112:25)
#29     new Future.sync (dart:async/future.dart:222:31)
#30     CommandRunner.run (package:args/command_runner.dart:112:14)
#31     FlutterCommandRunner.run (package:flutter_tools/src/runner/flutter_command_runner.dart:232:18)
#32     run.<anonymous closure>.<anonymous closure> (package:flutter_tools/runner.dart:61:22)
#33     _rootRun (dart:async/zone.dart:1190:13)
#34     _CustomZone.run (dart:async/zone.dart:1093:19)
#35     _runZoned (dart:async/zone.dart:1630:10)
#36     runZonedGuarded (dart:async/zone.dart:1618:12)
#37     runZoned (dart:async/zone.dart:1547:12)
#38     run.<anonymous closure> (package:flutter_tools/runner.dart:59:18)
<asynchronous suspension>
#39     run.<anonymous closure> (package:flutter_tools/runner.dart)
#40     runInContext.runnerWrapper (package:flutter_tools/src/context_runner.dart:62:18)
<asynchronous suspension>
#41     runInContext.runnerWrapper (package:flutter_tools/src/context_runner.dart)
#42     AppContext.run.<anonymous closure> (package:flutter_tools/src/base/context.dart:150:29)
#43     _rootRun (dart:async/zone.dart:1190:13)
#44     _CustomZone.run (dart:async/zone.dart:1093:19)
#45     _runZoned (dart:async/zone.dart:1630:10)
#46     runZoned (dart:async/zone.dart:1550:10)
#47     AppContext.run (package:flutter_tools/src/base/context.dart:149:18)
#48     runInContext (package:flutter_tools/src/context_runner.dart:65:24)
#49     run (package:flutter_tools/runner.dart:46:10)
#50     main (package:flutter_tools/executable.dart:68:9)
#51     main (file:///C:/Development/flutter/packages/flutter_tools/bin/flutter_tools.dart:8:3)
#52     _startIsolate.<anonymous closure> (dart:isolate-patch/isolate_patch.dart:299:32)
#53     _RawReceivePortImpl._handleMessage (dart:isolate-patch/isolate_patch.dart:168:12)
```

## flutter doctor

```
[✓] Flutter (Channel beta, 1.19.0-4.2.pre, on Microsoft Windows [Version 10.0.18363.900], locale pt-BR)
    • Flutter version 1.19.0-4.2.pre at C:\Development\flutter
    • Framework revision 9b9b543d92 (13 days ago), 2020-06-22 12:19:28 -0700
    • Engine revision 9a28c3bcf4
    • Dart version 2.9.0 (build 2.9.0-14.1.beta)

[✓] Android toolchain - develop for Android devices (Android SDK version 29.0.3)
    • Android SDK at C:\Development\Android_SDK
    • Platform android-29, build-tools 29.0.3
    • ANDROID_SDK_ROOT = C:\Development\Android_SDK
    • Java binary at: C:\Development\Android Studio\jre\bin\java
    • Java version OpenJDK Runtime Environment (build 1.8.0_242-release-1644-b01)
    • All Android licenses accepted.

[✓] Android Studio (version 4.0)
    • Android Studio at C:\Development\Android Studio
    • Flutter plugin version 47.1.2
    • Dart plugin version 193.7361
    • Java version OpenJDK Runtime Environment (build 1.8.0_242-release-1644-b01)

[✓] Connected device (3 available)
    • Android SDK built for x86 • emulator-5554 • android-x86 • Android 5.1.1 (API 22) (emulator)
    • Android SDK built for x86 • emulator-5556 • android-x86 • Android 10 (API 29) (emulator)
    • Android SDK built for x86 • emulator-5558 • android-x86 • Android 7.1.1 (API 25) (emulator)

• No issues found!
```
